<?xml version="1.0" encoding="UTF-8"?>
<!-- Generated by org.testng.reporters.JUnitXMLReporter -->
<testsuite ignored="0" hostname="Abhijith" failures="0" tests="4" name="Surefire test" time="15.611" errors="0" timestamp="2025-02-14T19:47:46 IST">
  <testcase classname="bikes.BajajTest" name="launch" time="4.367"/>
  <testcase classname="bikes.HondaTest" name="launch" time="4.629"/>
  <testcase classname="bikes.YamahaTest" name="launch" time="6.576"/>
  <testcase classname="demo.SampleTest" name="test" time="0.0"/>
</testsuite> <!-- Surefire test -->
