<?xml version="1.0" encoding="UTF-8"?>
<testng-results ignored="0" total="1" passed="1" failed="0" skipped="0">
  <reporter-output>
  </reporter-output>
  <suite started-at="2025-02-19T15:25:28 IST" name="Default suite" finished-at="2025-02-19T15:25:33 IST" duration-ms="5882">
    <groups>
    </groups>
    <test started-at="2025-02-19T15:25:28 IST" name="Default test" finished-at="2025-02-19T15:25:33 IST" duration-ms="5882">
      <class name="extentReports.ToLearnExtentReports">
        <test-method signature="createReport()[pri:0, instance:extentReports.ToLearnExtentReports@1d2adfbe]" started-at="2025-02-19T15:25:28 IST" name="createReport" finished-at="2025-02-19T15:25:33 IST" duration-ms="5819" status="PASS">
          <reporter-output>
          </reporter-output>
        </test-method> <!-- createReport -->
      </class> <!-- extentReports.ToLearnExtentReports -->
    </test> <!-- Default test -->
  </suite> <!-- Default suite -->
</testng-results>
