<?xml version="1.0" encoding="UTF-8"?>
<testng-results ignored="0" total="4" passed="4" failed="0" skipped="0">
  <reporter-output>
    <line>
      <![CDATA[BajajTest executed]]>
    </line>
    <line>
      <![CDATA[HondaTest executed]]>
    </line>
    <line>
      <![CDATA[YamahaTest executed]]>
    </line>
    <line>
      <![CDATA[SampleTest executed]]>
    </line>
  </reporter-output>
  <suite started-at="2025-02-14T19:47:30 IST" name="Surefire suite" finished-at="2025-02-14T19:47:46 IST" duration-ms="15611">
    <groups>
    </groups>
    <test started-at="2025-02-14T19:47:30 IST" name="Surefire test" finished-at="2025-02-14T19:47:46 IST" duration-ms="15611">
      <class name="bikes.BajajTest">
        <test-method signature="launch()[pri:0, instance:bikes.BajajTest@60611244]" started-at="2025-02-14T19:47:30 IST" name="launch" finished-at="2025-02-14T19:47:34 IST" duration-ms="4367" status="PASS">
          <reporter-output>
            <line>
              <![CDATA[BajajTest executed]]>
            </line>
          </reporter-output>
        </test-method> <!-- launch -->
      </class> <!-- bikes.BajajTest -->
      <class name="bikes.YamahaTest">
        <test-method signature="launch()[pri:0, instance:bikes.YamahaTest@7a52f2a2]" started-at="2025-02-14T19:47:39 IST" name="launch" finished-at="2025-02-14T19:47:46 IST" duration-ms="6576" status="PASS">
          <reporter-output>
            <line>
              <![CDATA[YamahaTest executed]]>
            </line>
          </reporter-output>
        </test-method> <!-- launch -->
      </class> <!-- bikes.YamahaTest -->
      <class name="bikes.HondaTest">
        <test-method signature="launch()[pri:0, instance:bikes.HondaTest@69930714]" started-at="2025-02-14T19:47:34 IST" name="launch" finished-at="2025-02-14T19:47:39 IST" duration-ms="4629" status="PASS">
          <reporter-output>
            <line>
              <![CDATA[HondaTest executed]]>
            </line>
          </reporter-output>
        </test-method> <!-- launch -->
      </class> <!-- bikes.HondaTest -->
      <class name="demo.SampleTest">
        <test-method signature="test()[pri:0, instance:demo.SampleTest@78047b92]" started-at="2025-02-14T19:47:46 IST" name="test" finished-at="2025-02-14T19:47:46 IST" duration-ms="0" status="PASS">
          <reporter-output>
            <line>
              <![CDATA[SampleTest executed]]>
            </line>
          </reporter-output>
        </test-method> <!-- test -->
      </class> <!-- demo.SampleTest -->
    </test> <!-- Surefire test -->
  </suite> <!-- Surefire suite -->
</testng-results>
